{"level":"error","message":"crypto - Deu ruim!"}
{"level":"error","message":"crypto - Deu ruim!"}
{"level":"error","message":"crypto - Deu ruim!"}
{"level":"error","message":"crypto - Deu ruim!"}
{"level":"error","message":"crypto - Deu ruim!"}
{"level":"error","message":"crypto - Deu ruim!"}
{"level":"error","message":"crypto - Deu ruim!"}
{"level":"error","message":"crypto - Deu ruim!"}
{"level":"error","message":"crypto - Deu ruim!"}
{"level":"error","message":"crypto - Deu ruim!"}
{"level":"error","message":"crypto - Deu ruim!"}
{"level":"error","message":"crypto - Deu ruim!"}
{"level":"error","message":"crypto - Deu ruim!"}
{"level":"error","message":"crypto - Deu ruim!"}
{"level":"info","message":"crypto - iniciando processo"}
{"level":"info","message":"crypto - Deu bom!"}
{"level":"info","message":"crypto - iniciando processo"}
{"level":"info","message":"crypto - Deu bom!"}
{"level":"info","message":"crypto - iniciando processo"}
{"level":"info","message":"crypto - Deu bom!"}
{"level":"info","message":"crypto - iniciando processo"}
{"level":"info","message":"crypto - Deu bom!"}
{"level":"info","message":"crypto - iniciando processo"}
{"level":"info","message":"crypto - Deu bom!"}
{"level":"info","message":"crypto - iniciando processo"}
{"level":"info","message":"crypto - deu bom 2!"}
{"level":"info","message":"crypto - Deu bom!"}
{"level":"info","message":"crypto - iniciando processo"}
{"level":"info","message":"crypto - deu bom 2!"}
{"level":"info","message":"crypto - Deu bom!"}
{"level":"info","message":"crypto - iniciando processo"}
{"level":"info","message":"crypto - deu bom 2!"}
{"level":"info","message":"crypto - Deu bom!"}
{"level":"info","message":"crypto - iniciando processo"}
{"level":"info","message":"crypto - deu bom 2!"}
{"level":"info","message":"crypto - Deu bom!"}
{"level":"info","message":"crypto - iniciando processo"}
{"level":"info","message":"crypto - deu bom 2!"}
{"level":"info","message":"crypto - Deu bom!"}
{"level":"info","message":"crypto - iniciando processo"}
{"level":"info","message":"crypto - deu bom 2!"}
{"level":"info","message":"crypto - Deu bom!"}
{"level":"info","message":"crypto - iniciando processo"}
{"level":"info","message":"crypto - deu bom 2!"}
{"level":"info","message":"crypto - Deu bom!"}
{"level":"info","message":"crypto - iniciando processo"}
{"level":"info","message":"crypto - deu bom 2!"}
{"level":"info","message":"crypto - Deu bom!"}
{"level":"info","message":"crypto - iniciando processo"}
{"level":"info","message":"crypto - deu bom 2!"}
{"level":"info","message":"crypto - Deu bom!"}
{"level":"info","message":"crypto - iniciando processo"}
{"level":"info","message":"crypto - deu bom 2!"}
{"level":"info","message":"crypto - Deu bom!"}
{"level":"info","message":"crypto - iniciando processo"}
{"level":"info","message":"crypto - deu bom 2!"}
{"level":"info","message":"crypto - Deu bom!"}
{"level":"info","message":"crypto - iniciando processo"}
{"level":"info","message":"crypto - deu bom 2!"}
{"level":"info","message":"crypto - Deu bom!"}
{"level":"info","message":"crypto - iniciando processo"}
{"level":"info","message":"crypto - deu bom 2!"}
{"level":"info","message":"crypto - Deu bom!"}
{"level":"info","message":"crypto - iniciando processo"}
{"level":"info","message":"crypto - deu bom 2!"}
{"level":"info","message":"crypto - Deu bom!"}
{"level":"info","message":"crypto - iniciando processo"}
{"level":"info","message":"crypto - deu bom 2!"}
{"level":"info","message":"crypto - Deu bom!"}
{"level":"info","message":"crypto - iniciando processo"}
{"level":"info","message":"crypto - deu bom 2!"}
{"level":"info","message":"crypto - Deu bom!"}
{"level":"info","message":"crypto - iniciando processo"}
{"level":"info","message":"crypto - deu bom 2!"}
{"level":"info","message":"crypto - Deu bom!"}
{"level":"info","message":"crypto - iniciando processo"}
{"level":"info","message":"crypto - deu bom 2!"}
{"level":"info","message":"crypto - Deu bom!"}
{"level":"info","message":"crypto - iniciando processo"}
{"level":"info","message":"crypto - deu bom 2!"}
{"level":"info","message":"crypto - Deu bom!"}
{"level":"info","message":"crypto - iniciando processo"}
{"level":"info","message":"crypto - deu bom 2!"}
{"level":"info","message":"crypto - Deu bom!"}
{"level":"info","message":"crypto - iniciando processo"}
{"level":"info","message":"crypto - deu bom 2!"}
{"level":"info","message":"crypto - Deu bom!"}
{"level":"info","message":"crypto - iniciando processo"}
{"level":"info","message":"crypto - deu bom 2!"}
{"level":"info","message":"crypto - Deu bom!"}
{"level":"info","message":"crypto - iniciando processo"}
{"level":"info","message":"crypto - deu bom 2!"}
{"level":"info","message":"crypto - Deu bom!"}
{"level":"info","message":"crypto - iniciando processo"}
{"level":"info","message":"crypto - deu bom 2!"}
{"level":"info","message":"crypto - Deu bom!"}
{"level":"info","message":"crypto - iniciando processo"}
{"level":"info","message":"crypto - deu bom 2!"}
{"level":"info","message":"crypto - Deu bom!"}
{"level":"info","message":"crypto - iniciando processo"}
{"level":"info","message":"crypto - deu bom 2!"}
{"level":"info","message":"crypto - Deu bom!"}
{"level":"info","message":"crypto - iniciando processo"}
{"level":"info","message":"crypto - deu bom 2!"}
{"level":"info","message":"crypto - Deu bom!"}
{"level":"info","message":"crypto - iniciando processo"}
{"level":"info","message":"crypto - deu bom 2!"}
{"level":"info","message":"crypto - Deu bom!"}
{"level":"info","message":"crypto - iniciando processo"}
{"level":"info","message":"crypto - deu bom 2!"}
{"level":"info","message":"crypto - Deu bom!"}
{"level":"info","message":"crypto - iniciando processo"}
{"level":"info","message":"crypto - deu bom 2!"}
{"level":"info","message":"crypto - Deu bom!"}
{"level":"info","message":"crypto - iniciando processo"}
{"level":"info","message":"crypto - deu bom 2!"}
{"level":"info","message":"crypto - Deu bom!"}
{"level":"info","message":"crypto - iniciando processo"}
{"level":"info","message":"crypto - Deu bom!"}
{"level":"info","message":"crypto - iniciando processo"}
{"level":"info","message":"crypto - Deu bom!"}
{"level":"info","message":"crypto - iniciando processo"}
{"level":"info","message":"crypto - Deu bom!"}
{"level":"info","message":"crypto - iniciando processo"}
{"level":"info","message":"crypto - Deu bom!"}
{"level":"info","message":"crypto - iniciando processo"}
{"level":"info","message":"crypto - Deu bom!"}
{"level":"info","message":"crypto - deri"}
{"level":"info","message":"crypto - deri"}
{"level":"info","message":"crypto - decifrou com sucesso"}
{"level":"info","message":"crypto - decifrou com sucesso"}
{"level":"info","message":"crypto - decifrou com sucesso"}
{"level":"info","message":"crypto - decifrou com sucesso"}
{"level":"info","message":"crypto - decifrou com sucesso"}
{"level":"info","message":"crypto - decifrou com sucesso"}
{"level":"info","message":"crypto - decifrou com sucesso"}
{"level":"info","message":"crypto - decifrou com sucesso"}
{"level":"info","message":"crypto - decifrou com sucesso"}
{"level":"info","message":"crypto - decifrou com sucesso"}
{"level":"info","message":"crypto - decifrou com sucesso"}
{"level":"info","message":"crypto - decifrou com sucesso"}
{"level":"info","message":"crypto - decifrou com sucesso"}
{"level":"info","message":"crypto - deu bom 2!"}
{"level":"info","message":"crypto - decifrou com sucesso"}
{"level":"info","message":"crypto - deu bom 2!"}
{"level":"info","message":"crypto - decifrou com sucesso"}
{"level":"info","message":"crypto - deu bom 2!"}
{"level":"info","message":"crypto - decifrou com sucesso"}
{"level":"info","message":"crypto - deu bom 2!"}
{"level":"info","message":"crypto - deu bom 2!"}
{"level":"info","message":"crypto - decifrou com sucesso"}
{"level":"info","message":"crypto - deu bom 2!"}
{"level":"info","message":"crypto - decifrou com sucesso"}
{"level":"info","message":"crypto - deu bom 2!"}
{"level":"info","message":"crypto - decifrou com sucesso"}
{"level":"info","message":"crypto - deu bom 2!"}
{"level":"info","message":"crypto - decifrou com sucesso"}
{"level":"info","message":"crypto - deu bom 2!"}
{"level":"info","message":"crypto - decifrou com sucesso"}
{"level":"info","message":"crypto - deu bom 2!"}
{"level":"info","message":"crypto - decifrou com sucesso"}
{"level":"info","message":"crypto - deu bom 2!"}
{"level":"info","message":"crypto - decifrou com sucesso"}
{"level":"info","message":"crypto - deu bom 2!"}
{"level":"info","message":"crypto - decifrou com sucesso"}
{"level":"info","message":"crypto - deu bom 2!"}
{"level":"info","message":"crypto - decifrou com sucesso"}
{"level":"info","message":"crypto - deu bom 2!"}
{"level":"info","message":"crypto - decifrou com sucesso"}
{"level":"info","message":"crypto - deu bom 2!"}
{"level":"info","message":"crypto - decifrou com sucesso"}
{"level":"info","message":"crypto - decifrou com sucesso"}
{"level":"info","message":"crypto - deu bom 2!"}
{"level":"info","message":"crypto - decifrou com sucesso"}
{"level":"info","message":"crypto - deu bom 2!"}
{"level":"info","message":"crypto - decifrou com sucesso"}
{"level":"info","message":"crypto - deu bom 2!"}
{"level":"info","message":"crypto - decifrou com sucesso"}
{"level":"info","message":"crypto - deu bom 2!"}
{"level":"info","message":"crypto - decifrou com sucesso"}
{"level":"info","message":"crypto - deu bom 2!"}
{"level":"info","message":"crypto - decifrou com sucesso"}
{"level":"info","message":"crypto - deu bom 2!"}
{"level":"info","message":"crypto - decifrou com sucesso"}
{"level":"info","message":"crypto - deu bom 2!"}
{"level":"info","message":"crypto - decifrou com sucesso"}
{"level":"info","message":"crypto - deu bom 2!"}
{"level":"info","message":"crypto - decifrou com sucesso"}
{"level":"info","message":"crypto - deu bom 2!"}
{"level":"info","message":"crypto - decifrou com sucesso"}
{"level":"info","message":"crypto - deu bom 2!"}
{"level":"info","message":"crypto - decifrou com sucesso"}
{"level":"info","message":"crypto - deu bom 2!"}
{"level":"info","message":"crypto - decifrou com sucesso"}
{"level":"info","message":"crypto - deu bom 2!"}
{"level":"info","message":"crypto - decifrou com sucesso"}
{"level":"info","message":"crypto - deu bom 2!"}
{"level":"info","message":"crypto - decifrou com sucesso"}
{"level":"info","message":"crypto - deu bom 2!"}
{"level":"info","message":"crypto - decifrou com sucesso"}
{"level":"info","message":"crypto - deu bom 2!"}
{"level":"info","message":"crypto - decifrou com sucesso"}
{"level":"info","message":"crypto - deu bom 2!"}
{"level":"info","message":"crypto - decifrou com sucesso"}
{"level":"info","message":"crypto - deu bom 2!"}
{"level":"info","message":{}}
{"level":"info","message":{}}
{"level":"info","message":{}}
{"level":"info","message":{}}
{"level":"info","message":{}}
{"level":"info","message":{}}
{"level":"info","message":{}}
{"level":"info","message":{}}
{"level":"info","message":{"service":"crypto"}}
{"level":"info","message":{"service":"crypto"}}
{"level":"info","message":{"service":"crypto"}}
{"level":"info","message":{"service":"crypto"}}
{"level":"info","message":{"service":"crypto"}}
{"level":"info","message":{"service":"crypto"}}
{"level":"info","message":{"service":"crypto"}}
{"level":"info","message":{"service":"crypto"}}
{"level":"info","message":{"service":"crypto"}}
{"level":"info","message":{"service":"crypto"}}
{"level":"info","message":{"service":"crypto"}}
{"level":"info","message":{"service":"crypto"}}
{"level":"info","message":{"service":"crypto"}}
{"level":"info","message":{"service":"crypto"}}
{"level":"info","message":"crypto - decifrou com sucesso"}
{"level":"info","message":"crypto - deu bom 2!"}
{"level":"info","message":"crypto - decifrou com sucesso"}
{"level":"info","message":"crypto - deu bom 2!"}
{"level":"info","message":"crypto - decifrou com sucesso"}
{"level":"info","message":"crypto - deu bom 2!"}
{"level":"info","message":"crypto - decifrou com sucesso"}
{"level":"info","message":"crypto - deu bom 2!"}
{"level":"info","message":"crypto - decifrou com sucesso"}
{"level":"info","message":"crypto - deu bom 2!"}
{"level":"info","message":"crypto - decifrou com sucesso"}
{"level":"info","message":"crypto - deu bom 2!"}
{"level":"info","message":"crypto - decifrou com sucesso"}
{"level":"info","message":"crypto - deu bom 2!"}
{"level":"info","message":"crypto - decifrou com sucesso"}
{"level":"info","message":"crypto - deu bom 2!"}
{"level":"info","message":"crypto - decifrou com sucesso"}
{"level":"info","message":"crypto - deu bom 2!"}
{"level":"info","message":"crypto - decifrou com sucesso"}
{"level":"info","message":"crypto - deu bom 2!"}
{"level":"info","message":"crypto - decifrou com sucesso"}
{"level":"info","message":"crypto - deu bom 2!"}
{"level":"info","message":"crypto - decifrou com sucesso"}
{"level":"info","message":"crypto - deu bom 2!"}
{"level":"info","message":"crypto - decifrou com sucesso"}
{"level":"info","message":"crypto - deu bom 2!"}
{"level":"info","message":"crypto - decifrou com sucesso"}
{"level":"info","message":"crypto - deu bom 2!"}
{"level":"info","message":"crypto - decifrou com sucesso"}
{"level":"info","message":"crypto - deu bom 2!"}
{"level":"info","message":"crypto - deu bom 2!"}
{"level":"info","message":"crypto - decifrou com sucesso"}
{"level":"info","message":"crypto - decifrou com sucesso"}
{"level":"info","message":"crypto - deu bom 2!"}
{"level":"info","message":"crypto - decifrou com sucesso"}
{"level":"info","message":"crypto - deu bom 2!"}
{"level":"info","message":"crypto - decifrou com sucesso"}
{"level":"info","message":"crypto - deu bom 2!"}
{"level":"info","message":"crypto - decifrou com sucesso"}
{"level":"info","message":"crypto - deu bom 2!"}
{"level":"info","message":"crypto - decifrou com sucesso"}
{"level":"info","message":"crypto - deu bom 2!"}
{"level":"info","message":"crypto - decifrou com sucesso"}
{"level":"info","message":"crypto - deu bom 2!"}
{"level":"info","message":"crypto - decifrou com sucesso"}
{"level":"info","message":"crypto - deu bom 2!"}
{"level":"info","message":"crypto - decifrou com sucesso"}
{"level":"info","message":"crypto - deu bom 2!"}
{"level":"info","message":{"service":"crypto"}}
{"level":"info","message":{"service":"crypto"}}
{"level":"info","message":{"service":"crypto"}}
{"level":"info","message":{"service":"crypto"}}
{"level":"info","message":{"service":"crypto"}}
{"level":"info","message":{"service":"crypto"}}
{"level":"info","message":{"log":"decifrou com sucesso","service":"crypto"}}
{"level":"info","message":{"log":"deu bom 2!","service":"crypto"}}
{"level":"info","message":{"log":"decifrou com sucesso","service":"crypto"}}
{"level":"info","message":{"log":"deu bom 2!","service":"crypto"}}
{"level":"info","message":{"log":"decifrou com sucesso","service":"crypto"}}
{"level":"info","message":{"log":"deu bom 2!","service":"crypto"}}
{"level":"info","message":{"log":"decifrou com sucesso","service":"crypto"}}
{"level":"info","message":{"log":"deu bom 2!","service":"crypto"}}
{"level":"info","message":"crypto - decifrou com sucesso"}
{"level":"info","message":"crypto - deu bom 2!"}
{"level":"info","message":"crypto - decifrou com sucesso"}
{"level":"info","message":"crypto - deu bom 2!"}
{"level":"info","message":"crypto - decifrou com sucesso"}
{"level":"info","message":"crypto - deu bom 2!"}
{"level":"info","message":"crypto - decifrou com sucesso"}
{"level":"info","message":"crypto - deu bom 2!"}
{"level":"info","message":"crypto - decifrou com sucesso"}
{"level":"info","message":"crypto - Encryp"}
{"level":"info","message":"crypto - decifrou com sucesso"}
{"level":"info","message":"crypto - Encrypt sucess"}
{"level":"info","message":"crypto - decifrou com sucesso"}
{"level":"info","message":"crypto - Encrypt sucessfull"}
{"level":"info","message":"crypto - Encrypt sucessfull"}
{"level":"info","message":"crypto - Encrypt sucessfull"}
{"level":"info","message":"crypto - Encrypt sucessfull"}
{"level":"info","message":"crypto - Encrypt sucessfull"}
{"level":"info","message":"crypto - Decrypt sucessfull"}
{"level":"info","message":"crypto - Encrypt sucessfull"}
{"level":"info","message":"crypto - Decrypt sucessfull"}
{"level":"info","message":"crypto - Encrypt sucessfull"}
{"level":"info","message":"crypto - Decrypt sucessfull"}
{"level":"info","message":"crypto - Encrypt sucessfull"}
{"level":"info","message":"crypto - Decrypt sucessfull"}
{"level":"info","message":"crypto - Encrypt sucessfull"}
{"level":"info","message":"crypto - Decrypt sucessfull"}
{"level":"info","message":"crypto - Encrypt sucessfull"}
{"level":"info","message":"crypto - Decrypt sucessfull"}
{"level":"info","message":"crypto - Encrypt sucessfull"}
{"level":"info","message":"crypto - Decrypt sucessfull"}
{"level":"info","message":"crypto - Encrypt sucessfull"}
{"level":"error","message":"crypto - Error in Decrypt"}
{"level":"error","message":"crypto - Error in Decrypt"}
{"level":"info","message":"crypto - Encrypt sucessfull"}
{"level":"info","message":"crypto - Decrypt sucessfull"}
{"level":"info","message":"crypto - Encrypt sucessfull"}
{"level":"info","message":"crypto - Decrypt sucessfull"}
{"level":"info","message":"crypto - Encrypt sucessfull"}
{"level":"info","message":"crypto - Decrypt sucessfull"}
{"level":"info","message":"crypto - Encrypt sucessfull"}
{"level":"info","message":"crypto - Decrypt sucessfull"}
{"level":"info","message":"crypto - Encrypt sucessfull"}
{"level":"error","message":"crypto - Error in Decrypt"}
{"level":"error","message":"crypto - Error in Decrypt"}
{"level":"info","message":"crypto - Encrypt sucessfull"}
{"level":"error","message":"crypto - Error in Decrypt"}
{"level":"error","message":"crypto - Error in Decrypt"}
{"level":"info","message":"crypto - Encrypt sucessfull"}
{"level":"error","message":"crypto - Error in Decrypt"}
{"level":"error","message":"crypto - Error in Decrypt"}
{"level":"info","message":"crypto - Encrypt sucessfull"}
{"level":"error","message":"crypto - Error in Decrypt"}
{"level":"error","message":"crypto - Error in Decrypt"}
{"level":"info","message":"crypto - Encrypt sucessfull"}
{"level":"error","message":"crypto - Error in Decrypt"}
{"level":"error","message":"crypto - Error in Decrypt"}
{"level":"info","message":"crypto - Encrypt sucessfull"}
{"level":"error","message":"crypto - Error in Decrypt"}
{"level":"error","message":"crypto - Error in Decrypt"}
{"level":"info","message":"crypto - Encrypt sucessfull"}
{"level":"error","message":"crypto - Error in Decrypt"}
{"level":"error","message":"crypto - Error in Decrypt"}
{"level":"info","message":"crypto - Encrypt sucessfull"}
{"level":"info","message":"crypto - Decrypt sucessfull"}
{"level":"info","message":"crypto - Encrypt sucessfull"}
{"level":"info","message":"crypto - Decrypt sucessfull"}
{"level":"info","message":"crypto - Encrypt sucessfull"}
{"level":"info","message":"crypto - Decrypt sucessfull"}
{"level":"info","message":"crypto - Encrypt sucessfull"}
{"level":"info","message":"crypto -> Decrypt sucessfull"}
{"level":"info","message":"crypto -> Encrypt sucessfull"}
{"level":"info","message":"crypto -> Decrypt sucessfull"}
{"level":"info","message":"crypto -> Encrypt sucessfull"}
{"level":"info","message":"crypto -> Decrypt sucessfull"}
{"level":"info","message":"crypto -> Encrypt sucessfull"}
{"level":"info","message":"crypto -> Decrypt sucessfull"}
{"level":"info","message":"crypto -> Encrypt sucessfull"}
